2023-12-23 16:40:35,793 INFO o.a.j.u.JMeterUtils: Setting Locale to en_EN
2023-12-23 16:40:35,829 INFO o.a.j.JMeter: Loading user properties from: D:\”˜Â·‡\À»—\apache-jmeter-5.6.2\bin\user.properties
2023-12-23 16:40:35,849 INFO o.a.j.JMeter: Loading system properties from: D:\”˜Â·‡\À»—\apache-jmeter-5.6.2\bin\system.properties
2023-12-23 16:40:35,858 INFO o.a.j.JMeter: Copyright (c) 1998-2023 The Apache Software Foundation
2023-12-23 16:40:35,858 INFO o.a.j.JMeter: Version 5.6.2
2023-12-23 16:40:35,858 INFO o.a.j.JMeter: java.version=1.8.0_391
2023-12-23 16:40:35,858 INFO o.a.j.JMeter: java.vm.name=Java HotSpot(TM) 64-Bit Server VM
2023-12-23 16:40:35,858 INFO o.a.j.JMeter: os.name=Windows 11
2023-12-23 16:40:35,858 INFO o.a.j.JMeter: os.arch=amd64
2023-12-23 16:40:35,862 INFO o.a.j.JMeter: os.version=10.0
2023-12-23 16:40:35,862 INFO o.a.j.JMeter: file.encoding=Cp1251
2023-12-23 16:40:35,862 INFO o.a.j.JMeter: java.awt.headless=true
2023-12-23 16:40:35,862 INFO o.a.j.JMeter: Max memory     =1073741824
2023-12-23 16:40:35,862 INFO o.a.j.JMeter: Available Processors =6
2023-12-23 16:40:35,870 INFO o.a.j.JMeter: Default Locale=English (EN)
2023-12-23 16:40:35,870 INFO o.a.j.JMeter: JMeter  Locale=English (EN)
2023-12-23 16:40:35,870 INFO o.a.j.JMeter: JMeterHome=D:\”˜Â·‡\À»—\apache-jmeter-5.6.2
2023-12-23 16:40:35,870 INFO o.a.j.JMeter: user.dir  =D:\”˜Â·‡\À»—\jmeter2
2023-12-23 16:40:35,870 INFO o.a.j.JMeter: PWD       =D:\”˜Â·‡\À»—\jmeter2
2023-12-23 16:40:35,886 INFO o.a.j.JMeter: IP: 172.30.75.107 Name: LAPTOP-RC021D5R FullName: 172.30.75.107
2023-12-23 16:40:35,915 INFO o.a.j.JMeter: Setting property 'jmeter.reportgenerator.outputdir' to:'D:\”˜Â·‡\À»—\jmeter2\.\result-100'
2023-12-23 16:40:35,919 INFO o.a.j.s.FileServer: Default base='D:\”˜Â·‡\À»—\jmeter2'
2023-12-23 16:40:35,919 INFO o.a.j.s.FileServer: Set new base='D:\”˜Â·‡\À»—\jmeter2\.'
2023-12-23 16:40:36,142 INFO o.a.j.s.SaveService: Testplan (JMX) version: 2.2. Testlog (JTL) version: 2.2
2023-12-23 16:40:36,208 INFO o.a.j.s.SaveService: Using SaveService properties file encoding UTF-8
2023-12-23 16:40:36,217 INFO o.a.j.s.SaveService: Using SaveService properties version 5.0
2023-12-23 16:40:36,225 INFO o.a.j.s.SaveService: Loading file: .\Godeaf.jmx
2023-12-23 16:40:36,802 INFO o.a.j.e.KeyToolUtils: keytool found at 'keytool'
2023-12-23 16:40:36,802 INFO o.a.j.p.h.p.ProxyControl: HTTP(S) Test Script Recorder SSL Proxy will use keys that support embedded 3rd party resources in file D:\”˜Â·‡\À»—\apache-jmeter-5.6.2\bin\proxyserver.jks
2023-12-23 16:40:36,827 INFO o.a.j.JMeter: Creating summariser <summary>
2023-12-23 16:40:36,835 INFO o.a.j.r.d.ReportGenerator: ReportGenerator will use for Parsing the separator: ','
2023-12-23 16:40:36,835 INFO o.a.j.r.d.ReportGenerator: Will generate report at end of test from  results file: log-100.jtl
2023-12-23 16:40:36,835 INFO o.a.j.r.d.ReportGenerator: Reading report generator properties from: D:\”˜Â·‡\À»—\apache-jmeter-5.6.2\bin\reportgenerator.properties
2023-12-23 16:40:36,867 INFO o.a.j.r.d.ReportGenerator: Merging with JMeter properties
2023-12-23 16:40:36,879 INFO o.a.j.r.c.ReportGeneratorConfiguration: Property 'jmeter.reportgenerator.temp_dir' not found, using default value 'temp' instead.
2023-12-23 16:40:36,887 INFO o.a.j.r.c.ReportGeneratorConfiguration: Property 'jmeter.reportgenerator.apdex_per_transaction' not found, using default value 'null' instead.
2023-12-23 16:40:36,899 INFO o.a.j.r.c.ReportGeneratorConfiguration: apdex_per_transaction is empty, not APDEX per transaction customization
2023-12-23 16:40:36,899 INFO o.a.j.r.c.ReportGeneratorConfiguration: Property 'jmeter.reportgenerator.sample_filter' not found, using default value 'null' instead.
2023-12-23 16:40:36,899 INFO o.a.j.r.c.ReportGeneratorConfiguration: Property 'jmeter.reportgenerator.report_title' not found, using default value 'null' instead.
2023-12-23 16:40:36,899 INFO o.a.j.r.c.ReportGeneratorConfiguration: Property 'jmeter.reportgenerator.start_date' not found, using default value 'null' instead.
2023-12-23 16:40:36,899 INFO o.a.j.r.c.ReportGeneratorConfiguration: Property 'jmeter.reportgenerator.end_date' not found, using default value 'null' instead.
2023-12-23 16:40:36,899 INFO o.a.j.r.c.ReportGeneratorConfiguration: Property 'jmeter.reportgenerator.date_format' not found, using default value 'null' instead.
2023-12-23 16:40:36,899 INFO o.a.j.r.c.ReportGeneratorConfiguration: Will use date range start date: null, end date: null
2023-12-23 16:40:36,908 INFO o.a.j.r.c.ReportGeneratorConfiguration: Property 'jmeter.reportgenerator.graph.totalTPS.exclude_controllers' not found, using default value 'false' instead.
2023-12-23 16:40:36,908 INFO o.a.j.r.c.ReportGeneratorConfiguration: Property 'jmeter.reportgenerator.graph.activeThreadsOverTime.exclude_controllers' not found, using default value 'false' instead.
2023-12-23 16:40:36,908 INFO o.a.j.r.c.ReportGeneratorConfiguration: Property 'jmeter.reportgenerator.graph.timeVsThreads.exclude_controllers' not found, using default value 'false' instead.
2023-12-23 16:40:36,908 INFO o.a.j.r.c.ReportGeneratorConfiguration: Property 'jmeter.reportgenerator.graph.responseTimeDistribution.exclude_controllers' not found, using default value 'false' instead.
2023-12-23 16:40:36,912 INFO o.a.j.r.c.ReportGeneratorConfiguration: Property 'jmeter.reportgenerator.graph.transactionsPerSecond.exclude_controllers' not found, using default value 'false' instead.
2023-12-23 16:40:36,912 INFO o.a.j.r.c.ReportGeneratorConfiguration: Property 'jmeter.reportgenerator.graph.responseTimePercentiles.exclude_controllers' not found, using default value 'false' instead.
2023-12-23 16:40:36,912 INFO o.a.j.r.c.ReportGeneratorConfiguration: Property 'jmeter.reportgenerator.graph.responseTimePercentilesOverTime.exclude_controllers' not found, using default value 'false' instead.
2023-12-23 16:40:36,912 INFO o.a.j.r.c.ReportGeneratorConfiguration: Property 'jmeter.reportgenerator.graph.responseTimesOverTime.exclude_controllers' not found, using default value 'false' instead.
2023-12-23 16:40:36,912 INFO o.a.j.r.c.ReportGeneratorConfiguration: Property 'jmeter.reportgenerator.graph.connectTimeOverTime.exclude_controllers' not found, using default value 'false' instead.
2023-12-23 16:40:36,912 INFO o.a.j.r.c.ReportGeneratorConfiguration: Property 'jmeter.reportgenerator.graph.latenciesOverTime.exclude_controllers' not found, using default value 'false' instead.
2023-12-23 16:40:36,912 INFO o.a.j.r.c.ReportGeneratorConfiguration: Property 'jmeter.reportgenerator.exporter.json.filters_only_sample_series' not found, using default value 'true' instead.
2023-12-23 16:40:36,912 INFO o.a.j.r.c.ReportGeneratorConfiguration: Property 'jmeter.reportgenerator.exporter.json.series_filter' not found, using default value '' instead.
2023-12-23 16:40:36,912 INFO o.a.j.r.c.ReportGeneratorConfiguration: Property 'jmeter.reportgenerator.exporter.json.show_controllers_only' not found, using default value 'false' instead.
2023-12-23 16:40:36,912 INFO o.a.j.r.c.ReportGeneratorConfiguration: Property 'jmeter.reportgenerator.exporter.html.filters_only_sample_series' not found, using default value 'true' instead.
2023-12-23 16:40:36,912 INFO o.a.j.r.c.ReportGeneratorConfiguration: Property 'jmeter.reportgenerator.exporter.html.series_filter' not found, using default value '' instead.
2023-12-23 16:40:36,912 INFO o.a.j.r.c.ReportGeneratorConfiguration: Property 'jmeter.reportgenerator.exporter.html.show_controllers_only' not found, using default value 'false' instead.
2023-12-23 16:40:36,928 INFO o.a.j.e.StandardJMeterEngine: Running the test!
2023-12-23 16:40:36,928 INFO o.a.j.s.SampleEvent: List of sample_variables: []
2023-12-23 16:40:36,928 INFO o.a.j.s.SampleEvent: List of sample_variables: []
2023-12-23 16:40:36,941 INFO o.a.j.e.u.CompoundVariable: Note: Function class names must contain the string: '.functions.'
2023-12-23 16:40:36,941 INFO o.a.j.e.u.CompoundVariable: Note: Function class names must not contain the string: '.gui.'
2023-12-23 16:40:37,456 INFO o.a.j.JMeter: Running test (1703331637456)
2023-12-23 16:40:37,504 INFO o.a.j.e.StandardJMeterEngine: Starting ThreadGroup: 1 : Users
2023-12-23 16:40:37,504 INFO o.a.j.e.StandardJMeterEngine: Starting 100 threads for group Users.
2023-12-23 16:40:37,504 INFO o.a.j.e.StandardJMeterEngine: Thread will continue on error
2023-12-23 16:40:37,504 INFO o.a.j.t.ThreadGroup: Starting thread group... number=1 threads=100 ramp-up=2 delayedStart=false
2023-12-23 16:40:37,508 INFO o.a.j.t.JMeterThread: Thread started: Users 1-1
2023-12-23 16:40:37,522 INFO o.a.j.t.JMeterThread: Thread is done: Users 1-1
2023-12-23 16:40:37,522 INFO o.a.j.t.JMeterThread: Thread finished: Users 1-1
2023-12-23 16:40:37,535 INFO o.a.j.t.JMeterThread: Thread started: Users 1-2
2023-12-23 16:40:37,536 INFO o.a.j.t.JMeterThread: Thread is done: Users 1-2
2023-12-23 16:40:37,537 INFO o.a.j.t.JMeterThread: Thread finished: Users 1-2
2023-12-23 16:40:37,564 INFO o.a.j.t.JMeterThread: Thread started: Users 1-3
2023-12-23 16:40:37,596 INFO o.a.j.t.JMeterThread: Thread is done: Users 1-3
2023-12-23 16:40:37,596 INFO o.a.j.t.JMeterThread: Thread finished: Users 1-3
2023-12-23 16:40:37,607 INFO o.a.j.t.JMeterThread: Thread started: Users 1-5
2023-12-23 16:40:37,615 INFO o.a.j.t.JMeterThread: Thread is done: Users 1-5
2023-12-23 16:40:37,615 INFO o.a.j.t.JMeterThread: Thread finished: Users 1-5
2023-12-23 16:40:37,620 INFO o.a.j.t.JMeterThread: Thread started: Users 1-4
2023-12-23 16:40:37,624 INFO o.a.j.t.JMeterThread: Thread is done: Users 1-4
2023-12-23 16:40:37,624 INFO o.a.j.t.JMeterThread: Thread finished: Users 1-4
2023-12-23 16:40:37,625 INFO o.a.j.t.JMeterThread: Thread started: Users 1-6
2023-12-23 16:40:37,625 INFO o.a.j.t.JMeterThread: Thread is done: Users 1-6
2023-12-23 16:40:37,626 INFO o.a.j.t.JMeterThread: Thread finished: Users 1-6
2023-12-23 16:40:37,635 INFO o.a.j.t.ThreadGroup: Started thread group number 1
2023-12-23 16:40:37,637 INFO o.a.j.e.StandardJMeterEngine: All thread groups have been started
2023-12-23 16:40:37,638 INFO o.a.j.t.JMeterThread: Thread started: Users 1-7
2023-12-23 16:40:37,638 INFO o.a.j.t.JMeterThread: Thread is done: Users 1-7
2023-12-23 16:40:37,638 INFO o.a.j.t.JMeterThread: Thread finished: Users 1-7
2023-12-23 16:40:37,652 INFO o.a.j.t.JMeterThread: Thread started: Users 1-8
2023-12-23 16:40:37,652 INFO o.a.j.t.JMeterThread: Thread is done: Users 1-8
2023-12-23 16:40:37,653 INFO o.a.j.t.JMeterThread: Thread finished: Users 1-8
2023-12-23 16:40:37,672 INFO o.a.j.t.JMeterThread: Thread started: Users 1-9
2023-12-23 16:40:37,673 INFO o.a.j.t.JMeterThread: Thread is done: Users 1-9
2023-12-23 16:40:37,673 INFO o.a.j.t.JMeterThread: Thread finished: Users 1-9
2023-12-23 16:40:37,691 INFO o.a.j.t.JMeterThread: Thread started: Users 1-10
2023-12-23 16:40:37,692 INFO o.a.j.t.JMeterThread: Thread is done: Users 1-10
2023-12-23 16:40:37,692 INFO o.a.j.t.JMeterThread: Thread finished: Users 1-10
2023-12-23 16:40:37,711 INFO o.a.j.t.JMeterThread: Thread started: Users 1-11
2023-12-23 16:40:37,712 INFO o.a.j.t.JMeterThread: Thread is done: Users 1-11
2023-12-23 16:40:37,712 INFO o.a.j.t.JMeterThread: Thread finished: Users 1-11
2023-12-23 16:40:37,730 INFO o.a.j.t.JMeterThread: Thread started: Users 1-12
2023-12-23 16:40:37,731 INFO o.a.j.t.JMeterThread: Thread is done: Users 1-12
2023-12-23 16:40:37,731 INFO o.a.j.t.JMeterThread: Thread finished: Users 1-12
2023-12-23 16:40:37,749 INFO o.a.j.t.JMeterThread: Thread started: Users 1-13
2023-12-23 16:40:37,750 INFO o.a.j.t.JMeterThread: Thread is done: Users 1-13
2023-12-23 16:40:37,750 INFO o.a.j.t.JMeterThread: Thread finished: Users 1-13
2023-12-23 16:40:37,769 INFO o.a.j.t.JMeterThread: Thread started: Users 1-14
2023-12-23 16:40:37,770 INFO o.a.j.t.JMeterThread: Thread is done: Users 1-14
2023-12-23 16:40:37,770 INFO o.a.j.t.JMeterThread: Thread finished: Users 1-14
2023-12-23 16:40:37,787 INFO o.a.j.t.JMeterThread: Thread started: Users 1-15
2023-12-23 16:40:37,788 INFO o.a.j.t.JMeterThread: Thread is done: Users 1-15
2023-12-23 16:40:37,788 INFO o.a.j.t.JMeterThread: Thread finished: Users 1-15
2023-12-23 16:40:37,816 INFO o.a.j.t.JMeterThread: Thread started: Users 1-16
2023-12-23 16:40:37,817 INFO o.a.j.t.JMeterThread: Thread is done: Users 1-16
2023-12-23 16:40:37,817 INFO o.a.j.t.JMeterThread: Thread finished: Users 1-16
2023-12-23 16:40:37,841 INFO o.a.j.t.JMeterThread: Thread started: Users 1-17
2023-12-23 16:40:37,841 INFO o.a.j.t.JMeterThread: Thread is done: Users 1-17
2023-12-23 16:40:37,841 INFO o.a.j.t.JMeterThread: Thread finished: Users 1-17
2023-12-23 16:40:37,922 INFO o.a.j.t.JMeterThread: Thread started: Users 1-18
2023-12-23 16:40:37,923 INFO o.a.j.t.JMeterThread: Thread is done: Users 1-18
2023-12-23 16:40:37,923 INFO o.a.j.t.JMeterThread: Thread finished: Users 1-18
2023-12-23 16:40:37,944 INFO o.a.j.t.JMeterThread: Thread started: Users 1-19
2023-12-23 16:40:37,945 INFO o.a.j.t.JMeterThread: Thread is done: Users 1-19
2023-12-23 16:40:37,945 INFO o.a.j.t.JMeterThread: Thread finished: Users 1-19
2023-12-23 16:40:37,963 INFO o.a.j.t.JMeterThread: Thread started: Users 1-20
2023-12-23 16:40:37,963 INFO o.a.j.t.JMeterThread: Thread is done: Users 1-20
2023-12-23 16:40:37,964 INFO o.a.j.t.JMeterThread: Thread finished: Users 1-20
2023-12-23 16:40:37,982 INFO o.a.j.t.JMeterThread: Thread started: Users 1-21
2023-12-23 16:40:37,982 INFO o.a.j.t.JMeterThread: Thread is done: Users 1-21
2023-12-23 16:40:37,983 INFO o.a.j.t.JMeterThread: Thread finished: Users 1-21
2023-12-23 16:40:38,003 INFO o.a.j.t.JMeterThread: Thread started: Users 1-22
2023-12-23 16:40:38,003 INFO o.a.j.t.JMeterThread: Thread is done: Users 1-22
2023-12-23 16:40:38,004 INFO o.a.j.t.JMeterThread: Thread finished: Users 1-22
2023-12-23 16:40:38,022 INFO o.a.j.t.JMeterThread: Thread started: Users 1-23
2023-12-23 16:40:38,023 INFO o.a.j.t.JMeterThread: Thread is done: Users 1-23
2023-12-23 16:40:38,023 INFO o.a.j.t.JMeterThread: Thread finished: Users 1-23
2023-12-23 16:40:38,041 INFO o.a.j.t.JMeterThread: Thread started: Users 1-24
2023-12-23 16:40:38,041 INFO o.a.j.t.JMeterThread: Thread is done: Users 1-24
2023-12-23 16:40:38,042 INFO o.a.j.t.JMeterThread: Thread finished: Users 1-24
2023-12-23 16:40:38,061 INFO o.a.j.t.JMeterThread: Thread started: Users 1-25
2023-12-23 16:40:38,061 INFO o.a.j.t.JMeterThread: Thread is done: Users 1-25
2023-12-23 16:40:38,061 INFO o.a.j.t.JMeterThread: Thread finished: Users 1-25
2023-12-23 16:40:38,078 INFO o.a.j.t.JMeterThread: Thread started: Users 1-26
2023-12-23 16:40:38,078 INFO o.a.j.t.JMeterThread: Thread is done: Users 1-26
2023-12-23 16:40:38,078 INFO o.a.j.t.JMeterThread: Thread finished: Users 1-26
2023-12-23 16:40:38,096 INFO o.a.j.t.JMeterThread: Thread started: Users 1-27
2023-12-23 16:40:38,096 INFO o.a.j.t.JMeterThread: Thread is done: Users 1-27
2023-12-23 16:40:38,096 INFO o.a.j.t.JMeterThread: Thread finished: Users 1-27
2023-12-23 16:40:38,115 INFO o.a.j.t.JMeterThread: Thread started: Users 1-28
2023-12-23 16:40:38,115 INFO o.a.j.t.JMeterThread: Thread is done: Users 1-28
2023-12-23 16:40:38,116 INFO o.a.j.t.JMeterThread: Thread finished: Users 1-28
2023-12-23 16:40:38,136 INFO o.a.j.t.JMeterThread: Thread started: Users 1-29
2023-12-23 16:40:38,136 INFO o.a.j.t.JMeterThread: Thread is done: Users 1-29
2023-12-23 16:40:38,136 INFO o.a.j.t.JMeterThread: Thread finished: Users 1-29
2023-12-23 16:40:38,155 INFO o.a.j.t.JMeterThread: Thread started: Users 1-30
2023-12-23 16:40:38,156 INFO o.a.j.t.JMeterThread: Thread is done: Users 1-30
2023-12-23 16:40:38,156 INFO o.a.j.t.JMeterThread: Thread finished: Users 1-30
2023-12-23 16:40:38,173 INFO o.a.j.t.JMeterThread: Thread started: Users 1-31
2023-12-23 16:40:38,173 INFO o.a.j.t.JMeterThread: Thread is done: Users 1-31
2023-12-23 16:40:38,173 INFO o.a.j.t.JMeterThread: Thread finished: Users 1-31
2023-12-23 16:40:38,192 INFO o.a.j.t.JMeterThread: Thread started: Users 1-32
2023-12-23 16:40:38,192 INFO o.a.j.t.JMeterThread: Thread is done: Users 1-32
2023-12-23 16:40:38,192 INFO o.a.j.t.JMeterThread: Thread finished: Users 1-32
2023-12-23 16:40:38,207 INFO o.a.j.t.JMeterThread: Thread started: Users 1-33
2023-12-23 16:40:38,208 INFO o.a.j.t.JMeterThread: Thread is done: Users 1-33
2023-12-23 16:40:38,208 INFO o.a.j.t.JMeterThread: Thread finished: Users 1-33
2023-12-23 16:40:38,218 INFO o.a.j.t.JMeterThread: Thread started: Users 1-34
2023-12-23 16:40:38,218 INFO o.a.j.t.JMeterThread: Thread is done: Users 1-34
2023-12-23 16:40:38,218 INFO o.a.j.t.JMeterThread: Thread finished: Users 1-34
2023-12-23 16:40:38,249 INFO o.a.j.t.JMeterThread: Thread started: Users 1-35
2023-12-23 16:40:38,250 INFO o.a.j.t.JMeterThread: Thread is done: Users 1-35
2023-12-23 16:40:38,250 INFO o.a.j.t.JMeterThread: Thread finished: Users 1-35
2023-12-23 16:40:38,265 INFO o.a.j.t.JMeterThread: Thread started: Users 1-36
2023-12-23 16:40:38,266 INFO o.a.j.t.JMeterThread: Thread is done: Users 1-36
2023-12-23 16:40:38,266 INFO o.a.j.t.JMeterThread: Thread finished: Users 1-36
2023-12-23 16:40:38,286 INFO o.a.j.t.JMeterThread: Thread started: Users 1-37
2023-12-23 16:40:38,286 INFO o.a.j.t.JMeterThread: Thread is done: Users 1-37
2023-12-23 16:40:38,287 INFO o.a.j.t.JMeterThread: Thread finished: Users 1-37
2023-12-23 16:40:38,288 INFO o.a.j.t.JMeterThread: Thread started: Users 1-38
2023-12-23 16:40:38,288 INFO o.a.j.t.JMeterThread: Thread is done: Users 1-38
2023-12-23 16:40:38,288 INFO o.a.j.t.JMeterThread: Thread finished: Users 1-38
2023-12-23 16:40:38,304 INFO o.a.j.t.JMeterThread: Thread started: Users 1-39
2023-12-23 16:40:38,304 INFO o.a.j.t.JMeterThread: Thread is done: Users 1-39
2023-12-23 16:40:38,304 INFO o.a.j.t.JMeterThread: Thread finished: Users 1-39
2023-12-23 16:40:38,323 INFO o.a.j.t.JMeterThread: Thread started: Users 1-40
2023-12-23 16:40:38,324 INFO o.a.j.t.JMeterThread: Thread is done: Users 1-40
2023-12-23 16:40:38,324 INFO o.a.j.t.JMeterThread: Thread finished: Users 1-40
2023-12-23 16:40:38,342 INFO o.a.j.t.JMeterThread: Thread started: Users 1-41
2023-12-23 16:40:38,342 INFO o.a.j.t.JMeterThread: Thread is done: Users 1-41
2023-12-23 16:40:38,342 INFO o.a.j.t.JMeterThread: Thread finished: Users 1-41
2023-12-23 16:40:38,359 INFO o.a.j.t.JMeterThread: Thread started: Users 1-42
2023-12-23 16:40:38,359 INFO o.a.j.t.JMeterThread: Thread is done: Users 1-42
2023-12-23 16:40:38,359 INFO o.a.j.t.JMeterThread: Thread finished: Users 1-42
2023-12-23 16:40:38,379 INFO o.a.j.t.JMeterThread: Thread started: Users 1-43
2023-12-23 16:40:38,379 INFO o.a.j.t.JMeterThread: Thread is done: Users 1-43
2023-12-23 16:40:38,379 INFO o.a.j.t.JMeterThread: Thread finished: Users 1-43
2023-12-23 16:40:38,398 INFO o.a.j.t.JMeterThread: Thread started: Users 1-44
2023-12-23 16:40:38,398 INFO o.a.j.t.JMeterThread: Thread is done: Users 1-44
2023-12-23 16:40:38,398 INFO o.a.j.t.JMeterThread: Thread finished: Users 1-44
2023-12-23 16:40:38,417 INFO o.a.j.t.JMeterThread: Thread started: Users 1-45
2023-12-23 16:40:38,417 INFO o.a.j.t.JMeterThread: Thread is done: Users 1-45
2023-12-23 16:40:38,418 INFO o.a.j.t.JMeterThread: Thread finished: Users 1-45
2023-12-23 16:40:38,436 INFO o.a.j.t.JMeterThread: Thread started: Users 1-46
2023-12-23 16:40:38,436 INFO o.a.j.t.JMeterThread: Thread is done: Users 1-46
2023-12-23 16:40:38,437 INFO o.a.j.t.JMeterThread: Thread finished: Users 1-46
2023-12-23 16:40:38,457 INFO o.a.j.t.JMeterThread: Thread started: Users 1-47
2023-12-23 16:40:38,458 INFO o.a.j.t.JMeterThread: Thread is done: Users 1-47
2023-12-23 16:40:38,458 INFO o.a.j.t.JMeterThread: Thread finished: Users 1-47
2023-12-23 16:40:38,477 INFO o.a.j.t.JMeterThread: Thread started: Users 1-48
2023-12-23 16:40:38,477 INFO o.a.j.t.JMeterThread: Thread is done: Users 1-48
2023-12-23 16:40:38,478 INFO o.a.j.t.JMeterThread: Thread finished: Users 1-48
2023-12-23 16:40:38,496 INFO o.a.j.t.JMeterThread: Thread started: Users 1-49
2023-12-23 16:40:38,496 INFO o.a.j.t.JMeterThread: Thread is done: Users 1-49
2023-12-23 16:40:38,496 INFO o.a.j.t.JMeterThread: Thread finished: Users 1-49
2023-12-23 16:40:38,505 INFO o.a.j.t.JMeterThread: Thread started: Users 1-50
2023-12-23 16:40:38,506 INFO o.a.j.t.JMeterThread: Thread is done: Users 1-50
2023-12-23 16:40:38,506 INFO o.a.j.t.JMeterThread: Thread finished: Users 1-50
2023-12-23 16:40:38,534 INFO o.a.j.t.JMeterThread: Thread started: Users 1-51
2023-12-23 16:40:38,534 INFO o.a.j.t.JMeterThread: Thread is done: Users 1-51
2023-12-23 16:40:38,534 INFO o.a.j.t.JMeterThread: Thread finished: Users 1-51
2023-12-23 16:40:38,573 INFO o.a.j.t.JMeterThread: Thread started: Users 1-52
2023-12-23 16:40:38,574 INFO o.a.j.t.JMeterThread: Thread is done: Users 1-52
2023-12-23 16:40:38,574 INFO o.a.j.t.JMeterThread: Thread finished: Users 1-52
2023-12-23 16:40:38,574 INFO o.a.j.t.JMeterThread: Thread started: Users 1-53
2023-12-23 16:40:38,574 INFO o.a.j.t.JMeterThread: Thread is done: Users 1-53
2023-12-23 16:40:38,575 INFO o.a.j.t.JMeterThread: Thread finished: Users 1-53
2023-12-23 16:40:38,586 INFO o.a.j.t.JMeterThread: Thread started: Users 1-54
2023-12-23 16:40:38,586 INFO o.a.j.t.JMeterThread: Thread is done: Users 1-54
2023-12-23 16:40:38,586 INFO o.a.j.t.JMeterThread: Thread finished: Users 1-54
2023-12-23 16:40:38,604 INFO o.a.j.t.JMeterThread: Thread started: Users 1-55
2023-12-23 16:40:38,604 INFO o.a.j.t.JMeterThread: Thread is done: Users 1-55
2023-12-23 16:40:38,604 INFO o.a.j.t.JMeterThread: Thread finished: Users 1-55
2023-12-23 16:40:38,623 INFO o.a.j.t.JMeterThread: Thread started: Users 1-56
2023-12-23 16:40:38,623 INFO o.a.j.t.JMeterThread: Thread is done: Users 1-56
2023-12-23 16:40:38,623 INFO o.a.j.t.JMeterThread: Thread finished: Users 1-56
2023-12-23 16:40:38,644 INFO o.a.j.t.JMeterThread: Thread started: Users 1-57
2023-12-23 16:40:38,645 INFO o.a.j.t.JMeterThread: Thread is done: Users 1-57
2023-12-23 16:40:38,645 INFO o.a.j.t.JMeterThread: Thread finished: Users 1-57
2023-12-23 16:40:38,663 INFO o.a.j.t.JMeterThread: Thread started: Users 1-58
2023-12-23 16:40:38,664 INFO o.a.j.t.JMeterThread: Thread is done: Users 1-58
2023-12-23 16:40:38,664 INFO o.a.j.t.JMeterThread: Thread finished: Users 1-58
2023-12-23 16:40:38,682 INFO o.a.j.t.JMeterThread: Thread started: Users 1-59
2023-12-23 16:40:38,682 INFO o.a.j.t.JMeterThread: Thread is done: Users 1-59
2023-12-23 16:40:38,682 INFO o.a.j.t.JMeterThread: Thread finished: Users 1-59
2023-12-23 16:40:38,703 INFO o.a.j.t.JMeterThread: Thread started: Users 1-60
2023-12-23 16:40:38,703 INFO o.a.j.t.JMeterThread: Thread is done: Users 1-60
2023-12-23 16:40:38,703 INFO o.a.j.t.JMeterThread: Thread finished: Users 1-60
2023-12-23 16:40:38,722 INFO o.a.j.t.JMeterThread: Thread started: Users 1-61
2023-12-23 16:40:38,722 INFO o.a.j.t.JMeterThread: Thread is done: Users 1-61
2023-12-23 16:40:38,722 INFO o.a.j.t.JMeterThread: Thread finished: Users 1-61
2023-12-23 16:40:38,743 INFO o.a.j.t.JMeterThread: Thread started: Users 1-62
2023-12-23 16:40:38,743 INFO o.a.j.t.JMeterThread: Thread is done: Users 1-62
2023-12-23 16:40:38,744 INFO o.a.j.t.JMeterThread: Thread finished: Users 1-62
2023-12-23 16:40:38,762 INFO o.a.j.t.JMeterThread: Thread started: Users 1-63
2023-12-23 16:40:38,762 INFO o.a.j.t.JMeterThread: Thread is done: Users 1-63
2023-12-23 16:40:38,763 INFO o.a.j.t.JMeterThread: Thread finished: Users 1-63
2023-12-23 16:40:38,782 INFO o.a.j.t.JMeterThread: Thread started: Users 1-64
2023-12-23 16:40:38,783 INFO o.a.j.t.JMeterThread: Thread is done: Users 1-64
2023-12-23 16:40:38,783 INFO o.a.j.t.JMeterThread: Thread finished: Users 1-64
2023-12-23 16:40:38,802 INFO o.a.j.t.JMeterThread: Thread started: Users 1-65
2023-12-23 16:40:38,802 INFO o.a.j.t.JMeterThread: Thread is done: Users 1-65
2023-12-23 16:40:38,802 INFO o.a.j.t.JMeterThread: Thread finished: Users 1-65
2023-12-23 16:40:38,823 INFO o.a.j.t.JMeterThread: Thread started: Users 1-66
2023-12-23 16:40:38,823 INFO o.a.j.t.JMeterThread: Thread is done: Users 1-66
2023-12-23 16:40:38,823 INFO o.a.j.t.JMeterThread: Thread finished: Users 1-66
2023-12-23 16:40:38,832 INFO o.a.j.t.JMeterThread: Thread started: Users 1-67
2023-12-23 16:40:38,832 INFO o.a.j.t.JMeterThread: Thread is done: Users 1-67
2023-12-23 16:40:38,832 INFO o.a.j.t.JMeterThread: Thread finished: Users 1-67
2023-12-23 16:40:38,852 INFO o.a.j.t.JMeterThread: Thread started: Users 1-68
2023-12-23 16:40:38,852 INFO o.a.j.t.JMeterThread: Thread is done: Users 1-68
2023-12-23 16:40:38,852 INFO o.a.j.t.JMeterThread: Thread finished: Users 1-68
2023-12-23 16:40:38,866 INFO o.a.j.t.JMeterThread: Thread started: Users 1-69
2023-12-23 16:40:38,866 INFO o.a.j.t.JMeterThread: Thread is done: Users 1-69
2023-12-23 16:40:38,866 INFO o.a.j.t.JMeterThread: Thread finished: Users 1-69
2023-12-23 16:40:38,887 INFO o.a.j.t.JMeterThread: Thread started: Users 1-70
2023-12-23 16:40:38,887 INFO o.a.j.t.JMeterThread: Thread is done: Users 1-70
2023-12-23 16:40:38,887 INFO o.a.j.t.JMeterThread: Thread finished: Users 1-70
2023-12-23 16:40:38,905 INFO o.a.j.t.JMeterThread: Thread started: Users 1-71
2023-12-23 16:40:38,905 INFO o.a.j.t.JMeterThread: Thread is done: Users 1-71
2023-12-23 16:40:38,905 INFO o.a.j.t.JMeterThread: Thread finished: Users 1-71
2023-12-23 16:40:38,925 INFO o.a.j.t.JMeterThread: Thread started: Users 1-72
2023-12-23 16:40:38,925 INFO o.a.j.t.JMeterThread: Thread is done: Users 1-72
2023-12-23 16:40:38,925 INFO o.a.j.t.JMeterThread: Thread finished: Users 1-72
2023-12-23 16:40:38,945 INFO o.a.j.t.JMeterThread: Thread started: Users 1-73
2023-12-23 16:40:38,945 INFO o.a.j.t.JMeterThread: Thread is done: Users 1-73
2023-12-23 16:40:38,946 INFO o.a.j.t.JMeterThread: Thread finished: Users 1-73
2023-12-23 16:40:38,965 INFO o.a.j.t.JMeterThread: Thread started: Users 1-74
2023-12-23 16:40:38,965 INFO o.a.j.t.JMeterThread: Thread is done: Users 1-74
2023-12-23 16:40:38,965 INFO o.a.j.t.JMeterThread: Thread finished: Users 1-74
2023-12-23 16:40:38,985 INFO o.a.j.t.JMeterThread: Thread started: Users 1-75
2023-12-23 16:40:38,985 INFO o.a.j.t.JMeterThread: Thread is done: Users 1-75
2023-12-23 16:40:38,985 INFO o.a.j.t.JMeterThread: Thread finished: Users 1-75
2023-12-23 16:40:39,004 INFO o.a.j.t.JMeterThread: Thread started: Users 1-76
2023-12-23 16:40:39,004 INFO o.a.j.t.JMeterThread: Thread is done: Users 1-76
2023-12-23 16:40:39,004 INFO o.a.j.t.JMeterThread: Thread finished: Users 1-76
2023-12-23 16:40:39,025 INFO o.a.j.t.JMeterThread: Thread started: Users 1-77
2023-12-23 16:40:39,025 INFO o.a.j.t.JMeterThread: Thread is done: Users 1-77
2023-12-23 16:40:39,025 INFO o.a.j.t.JMeterThread: Thread finished: Users 1-77
2023-12-23 16:40:39,045 INFO o.a.j.t.JMeterThread: Thread started: Users 1-78
2023-12-23 16:40:39,045 INFO o.a.j.t.JMeterThread: Thread is done: Users 1-78
2023-12-23 16:40:39,045 INFO o.a.j.t.JMeterThread: Thread finished: Users 1-78
2023-12-23 16:40:39,065 INFO o.a.j.t.JMeterThread: Thread started: Users 1-79
2023-12-23 16:40:39,065 INFO o.a.j.t.JMeterThread: Thread is done: Users 1-79
2023-12-23 16:40:39,065 INFO o.a.j.t.JMeterThread: Thread finished: Users 1-79
2023-12-23 16:40:39,085 INFO o.a.j.t.JMeterThread: Thread started: Users 1-80
2023-12-23 16:40:39,085 INFO o.a.j.t.JMeterThread: Thread is done: Users 1-80
2023-12-23 16:40:39,085 INFO o.a.j.t.JMeterThread: Thread finished: Users 1-80
2023-12-23 16:40:39,105 INFO o.a.j.t.JMeterThread: Thread started: Users 1-81
2023-12-23 16:40:39,105 INFO o.a.j.t.JMeterThread: Thread is done: Users 1-81
2023-12-23 16:40:39,105 INFO o.a.j.t.JMeterThread: Thread finished: Users 1-81
2023-12-23 16:40:39,125 INFO o.a.j.t.JMeterThread: Thread started: Users 1-82
2023-12-23 16:40:39,125 INFO o.a.j.t.JMeterThread: Thread is done: Users 1-82
2023-12-23 16:40:39,125 INFO o.a.j.t.JMeterThread: Thread finished: Users 1-82
2023-12-23 16:40:39,145 INFO o.a.j.t.JMeterThread: Thread started: Users 1-83
2023-12-23 16:40:39,145 INFO o.a.j.t.JMeterThread: Thread is done: Users 1-83
2023-12-23 16:40:39,145 INFO o.a.j.t.JMeterThread: Thread finished: Users 1-83
2023-12-23 16:40:39,164 INFO o.a.j.t.JMeterThread: Thread started: Users 1-84
2023-12-23 16:40:39,164 INFO o.a.j.t.JMeterThread: Thread is done: Users 1-84
2023-12-23 16:40:39,164 INFO o.a.j.t.JMeterThread: Thread finished: Users 1-84
2023-12-23 16:40:39,184 INFO o.a.j.t.JMeterThread: Thread started: Users 1-85
2023-12-23 16:40:39,184 INFO o.a.j.t.JMeterThread: Thread is done: Users 1-85
2023-12-23 16:40:39,184 INFO o.a.j.t.JMeterThread: Thread finished: Users 1-85
2023-12-23 16:40:39,207 INFO o.a.j.t.JMeterThread: Thread started: Users 1-86
2023-12-23 16:40:39,207 INFO o.a.j.t.JMeterThread: Thread is done: Users 1-86
2023-12-23 16:40:39,207 INFO o.a.j.t.JMeterThread: Thread finished: Users 1-86
2023-12-23 16:40:39,226 INFO o.a.j.t.JMeterThread: Thread started: Users 1-87
2023-12-23 16:40:39,226 INFO o.a.j.t.JMeterThread: Thread is done: Users 1-87
2023-12-23 16:40:39,226 INFO o.a.j.t.JMeterThread: Thread finished: Users 1-87
2023-12-23 16:40:39,245 INFO o.a.j.t.JMeterThread: Thread started: Users 1-88
2023-12-23 16:40:39,245 INFO o.a.j.t.JMeterThread: Thread is done: Users 1-88
2023-12-23 16:40:39,245 INFO o.a.j.t.JMeterThread: Thread finished: Users 1-88
2023-12-23 16:40:39,265 INFO o.a.j.t.JMeterThread: Thread started: Users 1-89
2023-12-23 16:40:39,265 INFO o.a.j.t.JMeterThread: Thread is done: Users 1-89
2023-12-23 16:40:39,265 INFO o.a.j.t.JMeterThread: Thread finished: Users 1-89
2023-12-23 16:40:39,286 INFO o.a.j.t.JMeterThread: Thread started: Users 1-90
2023-12-23 16:40:39,286 INFO o.a.j.t.JMeterThread: Thread is done: Users 1-90
2023-12-23 16:40:39,286 INFO o.a.j.t.JMeterThread: Thread finished: Users 1-90
2023-12-23 16:40:39,307 INFO o.a.j.t.JMeterThread: Thread started: Users 1-91
2023-12-23 16:40:39,307 INFO o.a.j.t.JMeterThread: Thread is done: Users 1-91
2023-12-23 16:40:39,307 INFO o.a.j.t.JMeterThread: Thread finished: Users 1-91
2023-12-23 16:40:39,326 INFO o.a.j.t.JMeterThread: Thread started: Users 1-92
2023-12-23 16:40:39,326 INFO o.a.j.t.JMeterThread: Thread is done: Users 1-92
2023-12-23 16:40:39,326 INFO o.a.j.t.JMeterThread: Thread finished: Users 1-92
2023-12-23 16:40:39,345 INFO o.a.j.t.JMeterThread: Thread started: Users 1-93
2023-12-23 16:40:39,345 INFO o.a.j.t.JMeterThread: Thread is done: Users 1-93
2023-12-23 16:40:39,345 INFO o.a.j.t.JMeterThread: Thread finished: Users 1-93
2023-12-23 16:40:39,367 INFO o.a.j.t.JMeterThread: Thread started: Users 1-94
2023-12-23 16:40:39,367 INFO o.a.j.t.JMeterThread: Thread is done: Users 1-94
2023-12-23 16:40:39,367 INFO o.a.j.t.JMeterThread: Thread finished: Users 1-94
2023-12-23 16:40:39,386 INFO o.a.j.t.JMeterThread: Thread started: Users 1-95
2023-12-23 16:40:39,386 INFO o.a.j.t.JMeterThread: Thread is done: Users 1-95
2023-12-23 16:40:39,386 INFO o.a.j.t.JMeterThread: Thread finished: Users 1-95
2023-12-23 16:40:39,405 INFO o.a.j.t.JMeterThread: Thread started: Users 1-96
2023-12-23 16:40:39,405 INFO o.a.j.t.JMeterThread: Thread is done: Users 1-96
2023-12-23 16:40:39,405 INFO o.a.j.t.JMeterThread: Thread finished: Users 1-96
2023-12-23 16:40:39,425 INFO o.a.j.t.JMeterThread: Thread started: Users 1-97
2023-12-23 16:40:39,425 INFO o.a.j.t.JMeterThread: Thread is done: Users 1-97
2023-12-23 16:40:39,425 INFO o.a.j.t.JMeterThread: Thread finished: Users 1-97
2023-12-23 16:40:39,444 INFO o.a.j.t.JMeterThread: Thread started: Users 1-98
2023-12-23 16:40:39,444 INFO o.a.j.t.JMeterThread: Thread is done: Users 1-98
2023-12-23 16:40:39,444 INFO o.a.j.t.JMeterThread: Thread finished: Users 1-98
2023-12-23 16:40:39,466 INFO o.a.j.t.JMeterThread: Thread started: Users 1-99
2023-12-23 16:40:39,466 INFO o.a.j.t.JMeterThread: Thread is done: Users 1-99
2023-12-23 16:40:39,466 INFO o.a.j.t.JMeterThread: Thread finished: Users 1-99
2023-12-23 16:40:39,486 INFO o.a.j.t.JMeterThread: Thread started: Users 1-100
2023-12-23 16:40:39,486 INFO o.a.j.t.JMeterThread: Thread is done: Users 1-100
2023-12-23 16:40:39,486 INFO o.a.j.t.JMeterThread: Thread finished: Users 1-100
2023-12-23 16:40:39,486 INFO o.a.j.e.StandardJMeterEngine: Notifying test listeners of end of test
2023-12-23 16:40:39,490 INFO o.a.j.r.Summariser: summary =      0 in 00:00:00 = ******/s Avg:     0 Min: 9223372036854775807 Max: -9223372036854775808 Err:     0 (0.00%)
2023-12-23 16:40:39,490 INFO o.a.j.JMeter: Generating Dashboard
2023-12-23 16:40:39,490 INFO o.a.j.r.d.ReportGenerator: Flushing result collector before report Generation
2023-12-23 16:40:39,515 INFO o.a.j.r.p.NormalizerSampleConsumer: Using format, 'ms', to parse timeStamp field
2023-12-23 16:40:39,811 INFO o.a.j.r.p.AbstractSampleConsumer: class org.apache.jmeter.report.processor.AggregateConsumer#stopProducing(): beginDate produced 0 samples
2023-12-23 16:40:39,811 INFO o.a.j.r.p.AbstractSampleConsumer: class org.apache.jmeter.report.processor.AggregateConsumer#stopProducing(): endDate produced 0 samples
2023-12-23 16:40:39,811 INFO o.a.j.r.p.AbstractSampleConsumer: class org.apache.jmeter.report.processor.ApdexSummaryConsumer#stopProducing(): apdexSummary produced 0 samples
2023-12-23 16:40:39,811 INFO o.a.j.r.p.AbstractSampleConsumer: class org.apache.jmeter.report.processor.RequestsSummaryConsumer#stopProducing(): requestsSummary produced 0 samples
2023-12-23 16:40:39,811 INFO o.a.j.r.p.AbstractSampleConsumer: class org.apache.jmeter.report.processor.StatisticsSummaryConsumer#stopProducing(): statisticsSummary produced 0 samples
2023-12-23 16:40:39,811 INFO o.a.j.r.p.AbstractSampleConsumer: class org.apache.jmeter.report.processor.Top5ErrorsBySamplerConsumer#stopProducing(): top5ErrorsBySampler produced 0 samples
2023-12-23 16:40:39,811 INFO o.a.j.r.p.AbstractSampleConsumer: class org.apache.jmeter.report.processor.ErrorsSummaryConsumer#stopProducing(): errorsSummary produced 0 samples
2023-12-23 16:40:39,811 INFO o.a.j.r.p.AbstractSampleConsumer: class org.apache.jmeter.report.processor.graph.impl.HitsPerSecondGraphConsumer#stopProducing(): hitsPerSecond produced 0 samples
2023-12-23 16:40:39,835 INFO o.a.j.r.p.AbstractSampleConsumer: class org.apache.jmeter.report.processor.graph.impl.LatencyVSRequestGraphConsumer#stopProducing(): latencyVsRequest produced 0 samples
2023-12-23 16:40:39,835 INFO o.a.j.r.p.AbstractSampleConsumer: class org.apache.jmeter.report.processor.graph.impl.SyntheticResponseTimeDistributionGraphConsumer#stopProducing(): syntheticResponseTimeDistribution produced 0 samples
2023-12-23 16:40:39,835 INFO o.a.j.r.p.AbstractSampleConsumer: class org.apache.jmeter.report.processor.graph.impl.BytesThroughputGraphConsumer#stopProducing(): bytesThroughputOverTime produced 0 samples
2023-12-23 16:40:39,835 INFO o.a.j.r.p.AbstractSampleConsumer: class org.apache.jmeter.report.processor.graph.impl.CodesPerSecondGraphConsumer#stopProducing(): codesPerSecond produced 0 samples
2023-12-23 16:40:39,839 INFO o.a.j.r.p.AbstractSampleConsumer: class org.apache.jmeter.report.processor.graph.impl.ResponseTimeVSRequestGraphConsumer#stopProducing(): responseTimeVsRequest produced 0 samples
2023-12-23 16:40:39,839 INFO o.a.j.r.p.AbstractSampleConsumer: class org.apache.jmeter.report.processor.FilterConsumer#stopProducing(): startIntervalControlerFilter produced 0 samples
2023-12-23 16:40:39,839 INFO o.a.j.r.p.AbstractSampleConsumer: class org.apache.jmeter.report.processor.graph.impl.TotalTPSGraphConsumer#stopProducing(): totalTPS produced 0 samples
2023-12-23 16:40:39,839 INFO o.a.j.r.p.AbstractSampleConsumer: class org.apache.jmeter.report.processor.graph.impl.ActiveThreadsGraphConsumer#stopProducing(): activeThreadsOverTime produced 0 samples
2023-12-23 16:40:39,839 INFO o.a.j.r.p.AbstractSampleConsumer: class org.apache.jmeter.report.processor.graph.impl.TimeVSThreadGraphConsumer#stopProducing(): timeVsThreads produced 0 samples
2023-12-23 16:40:39,839 INFO o.a.j.r.p.AbstractSampleConsumer: class org.apache.jmeter.report.processor.graph.impl.ResponseTimeDistributionGraphConsumer#stopProducing(): responseTimeDistribution produced 0 samples
2023-12-23 16:40:39,839 INFO o.a.j.r.p.AbstractSampleConsumer: class org.apache.jmeter.report.processor.graph.impl.TransactionsPerSecondGraphConsumer#stopProducing(): transactionsPerSecond produced 0 samples
2023-12-23 16:40:39,839 INFO o.a.j.r.p.AbstractSampleConsumer: class org.apache.jmeter.report.processor.graph.impl.ResponseTimePercentilesGraphConsumer#stopProducing(): responseTimePercentiles produced 0 samples
2023-12-23 16:40:39,839 INFO o.a.j.r.p.AbstractSampleConsumer: class org.apache.jmeter.report.processor.graph.impl.ResponseTimePercentilesOverTimeGraphConsumer#stopProducing(): responseTimePercentilesOverTime produced 0 samples
2023-12-23 16:40:39,839 INFO o.a.j.r.p.AbstractSampleConsumer: class org.apache.jmeter.report.processor.graph.impl.ResponseTimeOverTimeGraphConsumer#stopProducing(): responseTimesOverTime produced 0 samples
2023-12-23 16:40:39,839 INFO o.a.j.r.p.AbstractSampleConsumer: class org.apache.jmeter.report.processor.graph.impl.ConnectTimeOverTimeGraphConsumer#stopProducing(): connectTimeOverTime produced 0 samples
2023-12-23 16:40:39,839 INFO o.a.j.r.p.AbstractSampleConsumer: class org.apache.jmeter.report.processor.graph.impl.LatencyOverTimeGraphConsumer#stopProducing(): latenciesOverTime produced 0 samples
2023-12-23 16:40:39,839 INFO o.a.j.r.p.AbstractSampleConsumer: class org.apache.jmeter.report.processor.FilterConsumer#stopProducing(): nameFilter produced 0 samples
2023-12-23 16:40:39,839 INFO o.a.j.r.p.AbstractSampleConsumer: class org.apache.jmeter.report.processor.FilterConsumer#stopProducing(): dateRangeFilter produced 0 samples
2023-12-23 16:40:39,839 INFO o.a.j.r.p.AbstractSampleConsumer: class org.apache.jmeter.report.processor.NormalizerSampleConsumer#stopProducing(): normalizer produced 0 samples
2023-12-23 16:40:39,839 INFO o.a.j.r.p.CsvFileSampleSource: produce(): 0 samples produced in 272ms on channel 0
2023-12-23 16:40:39,839 INFO o.a.j.r.d.ReportGenerator: Exporting data using exporter:'json' of className:'org.apache.jmeter.report.dashboard.JsonExporter'
2023-12-23 16:40:40,099 INFO o.a.j.r.d.JsonExporter: Found data for consumer statisticsSummary†in context
2023-12-23 16:40:40,099 INFO o.a.j.r.d.JsonExporter: Creating statistics for overall
2023-12-23 16:40:40,104 ERROR o.a.j.JMeter: Error generating the report: null
java.lang.NullPointerException: null
	at org.apache.jmeter.report.dashboard.JsonExporter.createStatistic(JsonExporter.java:121) ~[ApacheJMeter_core.jar:5.6.2]
	at org.apache.jmeter.report.dashboard.JsonExporter.export(JsonExporter.java:72) ~[ApacheJMeter_core.jar:5.6.2]
	at org.apache.jmeter.report.dashboard.ReportGenerator.exportData(ReportGenerator.java:383) ~[ApacheJMeter_core.jar:5.6.2]
	at org.apache.jmeter.report.dashboard.ReportGenerator.generate(ReportGenerator.java:261) ~[ApacheJMeter_core.jar:5.6.2]
	at org.apache.jmeter.JMeter$ListenToTest.endTest(JMeter.java:1285) [ApacheJMeter_core.jar:5.6.2]
	at org.apache.jmeter.JMeter$ListenToTest.testEnded(JMeter.java:1240) [ApacheJMeter_core.jar:5.6.2]
	at org.apache.jmeter.engine.StandardJMeterEngine.notifyTestListenersOfEnd(StandardJMeterEngine.java:258) [ApacheJMeter_core.jar:5.6.2]
	at org.apache.jmeter.engine.StandardJMeterEngine.run(StandardJMeterEngine.java:535) [ApacheJMeter_core.jar:5.6.2]
	at java.util.concurrent.Executors$RunnableAdapter.call(Unknown Source) [?:1.8.0_391]
	at java.util.concurrent.FutureTask.run(Unknown Source) [?:1.8.0_391]
	at java.util.concurrent.ThreadPoolExecutor.runWorker(Unknown Source) [?:1.8.0_391]
	at java.util.concurrent.ThreadPoolExecutor$Worker.run(Unknown Source) [?:1.8.0_391]
	at java.lang.Thread.run(Unknown Source) [?:1.8.0_391]
